<?xml version="1.0" encoding="UTF-8"?>
<!-- Generated by org.testng.reporters.JUnitXMLReporter -->
<testsuite ignored="0" hostname="Reef-PC" failures="0" tests="12" name="Run Multiple test" time="0.097" errors="0" timestamp="2020-09-21T14:09:03 EDT">
  <testcase classname="testcases.HomePageTest" name="@BeforeMethod Setup" time="0.004">
    <failure type="java.lang.NullPointerException">
      <![CDATA[java.lang.NullPointerException
at base.Base.initialization(Base.java:44)
at testcases.HomePageTest.Setup(HomePageTest.java:25)
at java.base/java.util.ArrayList.forEach(ArrayList.java:1511)
... Removed 31 stack frames]]>
    </failure>
  </testcase> <!-- @BeforeMethod Setup -->
  <testcase classname="testcases.HomePageTest" name="@AfterMethod TearDown" time="-1.600711743494E9">
    <skipped/>
  </testcase> <!-- @AfterMethod TearDown -->
  <testcase classname="testcases.HomePageTest" name="@BeforeMethod Setup" time="-1.600711743497E9">
    <skipped/>
  </testcase> <!-- @BeforeMethod Setup -->
  <testcase classname="testcases.HomePageTest" name="@AfterMethod TearDown" time="-1.600711743502E9">
    <skipped/>
  </testcase> <!-- @AfterMethod TearDown -->
  <testcase classname="testcases.HomePageTest" name="@BeforeMethod Setup" time="-1.600711743503E9">
    <skipped/>
  </testcase> <!-- @BeforeMethod Setup -->
  <testcase classname="testcases.HomePageTest" name="@AfterMethod TearDown" time="-1.600711743507E9">
    <skipped/>
  </testcase> <!-- @AfterMethod TearDown -->
  <testcase classname="testcases.HomePageTest" name="@BeforeMethod Setup" time="-1.600711743508E9">
    <skipped/>
  </testcase> <!-- @BeforeMethod Setup -->
  <testcase classname="testcases.HomePageTest" name="@AfterMethod TearDown" time="-1.600711743512E9">
    <skipped/>
  </testcase> <!-- @AfterMethod TearDown -->
  <testcase classname="testcases.HomePageTest" name="@BeforeMethod Setup" time="-1.600711743513E9">
    <skipped/>
  </testcase> <!-- @BeforeMethod Setup -->
  <testcase classname="testcases.HomePageTest" name="@AfterMethod TearDown" time="-1.600711743516E9">
    <skipped/>
  </testcase> <!-- @AfterMethod TearDown -->
  <testcase classname="testcases.HomePageTest" name="@BeforeMethod Setup" time="-1.600711743518E9">
    <skipped/>
  </testcase> <!-- @BeforeMethod Setup -->
  <testcase classname="testcases.HomePageTest" name="@AfterMethod TearDown" time="-1.60071174352E9">
    <skipped/>
  </testcase> <!-- @AfterMethod TearDown -->
  <testcase classname="testcases.HomePageTest" name="@BeforeMethod Setup" time="-1.600711743521E9">
    <skipped/>
  </testcase> <!-- @BeforeMethod Setup -->
  <testcase classname="testcases.HomePageTest" name="@AfterMethod TearDown" time="-1.600711743524E9">
    <skipped/>
  </testcase> <!-- @AfterMethod TearDown -->
  <testcase classname="testcases.HomePageTest" name="@BeforeMethod Setup" time="-1.600711743525E9">
    <skipped/>
  </testcase> <!-- @BeforeMethod Setup -->
  <testcase classname="testcases.HomePageTest" name="@AfterMethod TearDown" time="-1.600711743528E9">
    <skipped/>
  </testcase> <!-- @AfterMethod TearDown -->
  <testcase classname="testcases.HomePageTest" name="@BeforeMethod Setup" time="-1.600711743529E9">
    <skipped/>
  </testcase> <!-- @BeforeMethod Setup -->
  <testcase classname="testcases.HomePageTest" name="@AfterMethod TearDown" time="-1.600711743532E9">
    <skipped/>
  </testcase> <!-- @AfterMethod TearDown -->
  <testcase classname="testcases.HomePageTest" name="@BeforeMethod Setup" time="-1.600711743533E9">
    <skipped/>
  </testcase> <!-- @BeforeMethod Setup -->
  <testcase classname="testcases.HomePageTest" name="@AfterMethod TearDown" time="-1.600711743535E9">
    <skipped/>
  </testcase> <!-- @AfterMethod TearDown -->
  <testcase classname="testcases.FirstSignInBtnTest" name="@BeforeMethod SetupSecondSignInBtn" time="0.0">
    <failure type="java.lang.NullPointerException">
      <![CDATA[java.lang.NullPointerException
at base.Base.initialization(Base.java:44)
at testcases.FirstSignInBtnTest.SetupSecondSignInBtn(FirstSignInBtnTest.java:25)
at java.base/java.util.ArrayList.forEach(ArrayList.java:1511)
... Removed 31 stack frames]]>
    </failure>
  </testcase> <!-- @BeforeMethod SetupSecondSignInBtn -->
  <testcase classname="testcases.FirstSignInBtnTest" name="@AfterMethod TearDown" time="-1.600711743541E9">
    <skipped/>
  </testcase> <!-- @AfterMethod TearDown -->
  <testcase classname="testcases.SecondSignInBtnTest" name="@BeforeMethod SetupSecondSignInBtn" time="0.0">
    <failure type="java.lang.NullPointerException">
      <![CDATA[java.lang.NullPointerException
at base.Base.initialization(Base.java:44)
at testcases.SecondSignInBtnTest.SetupSecondSignInBtn(SecondSignInBtnTest.java:25)
at java.base/java.util.ArrayList.forEach(ArrayList.java:1511)
... Removed 31 stack frames]]>
    </failure>
  </testcase> <!-- @BeforeMethod SetupSecondSignInBtn -->
  <testcase classname="testcases.SecondSignInBtnTest" name="@AfterMethod TearDown" time="-1.600711743545E9">
    <skipped/>
  </testcase> <!-- @AfterMethod TearDown -->
  <testcase classname="testcases.HomePageTest" name="validateWalmartTitleAsExpected" time="0.0">
    <skipped/>
  </testcase> <!-- validateWalmartTitleAsExpected -->
  <testcase classname="testcases.HomePageTest" name="validateWalmartUrlAsExpected" time="0.0">
    <skipped/>
  </testcase> <!-- validateWalmartUrlAsExpected -->
  <testcase classname="testcases.HomePageTest" name="validateWalmartLogoDisplayed" time="0.0">
    <skipped/>
  </testcase> <!-- validateWalmartLogoDisplayed -->
  <testcase classname="testcases.HomePageTest" name="validateWalmartLogoLinkToHomePage" time="0.0">
    <skipped/>
  </testcase> <!-- validateWalmartLogoLinkToHomePage -->
  <testcase classname="testcases.HomePageTest" name="validateSignInMyAccountTextDisplayed" time="0.0">
    <skipped/>
  </testcase> <!-- validateSignInMyAccountTextDisplayed -->
  <testcase classname="testcases.HomePageTest" name="validateWordSignInMyAccountTextAsExpected" time="0.0">
    <skipped/>
  </testcase> <!-- validateWordSignInMyAccountTextAsExpected -->
  <testcase classname="testcases.HomePageTest" name="validateSignInBtnDisplayed" time="0.0">
    <skipped/>
  </testcase> <!-- validateSignInBtnDisplayed -->
  <testcase classname="testcases.HomePageTest" name="validateWordSignInDisplayedOnBtn" time="0.0">
    <skipped/>
  </testcase> <!-- validateWordSignInDisplayedOnBtn -->
  <testcase classname="testcases.HomePageTest" name="validateJoinNowBtnDisplayed" time="0.0">
    <skipped/>
  </testcase> <!-- validateJoinNowBtnDisplayed -->
  <testcase classname="testcases.HomePageTest" name="validateWordJoinNowDisplayedOnBtn" time="0.0">
    <skipped/>
  </testcase> <!-- validateWordJoinNowDisplayedOnBtn -->
  <testcase classname="testcases.FirstSignInBtnTest" name="validateUserGoesToSignInPage" time="0.0">
    <skipped/>
  </testcase> <!-- validateUserGoesToSignInPage -->
  <testcase classname="testcases.SecondSignInBtnTest" name="validateUserGoesToSignInPage" time="0.0">
    <skipped/>
  </testcase> <!-- validateUserGoesToSignInPage -->
</testsuite> <!-- Run Multiple test -->
